2026-05-06T18:36:11.770+07:00  INFO 16424 --- [SANTIKA] [restartedMain] com.santika.simrs.SimrsApplicationKt     : Starting SimrsApplicationKt using Java 24.0.2 with PID 16424 (F:\DevFIle\SANTIKA\simrs\build\classes\kotlin\main started by RACING in F:\DevFIle\SANTIKA\simrs)
2026-05-06T18:36:11.772+07:00  INFO 16424 --- [SANTIKA] [restartedMain] com.santika.simrs.SimrsApplicationKt     : The following 1 profile is active: "dev"
2026-05-06T18:36:11.822+07:00  INFO 16424 --- [SANTIKA] [restartedMain] .e.DevToolsPropertyDefaultsPostProcessor : Devtools property defaults active! Set 'spring.devtools.add-properties' to 'false' to disable
2026-05-06T18:36:11.823+07:00  INFO 16424 --- [SANTIKA] [restartedMain] .e.DevToolsPropertyDefaultsPostProcessor : For additional web related logging consider setting the 'logging.level.web' property to 'DEBUG'
2026-05-06T18:36:12.567+07:00  INFO 16424 --- [SANTIKA] [restartedMain] .s.d.r.c.RepositoryConfigurationDelegate : Bootstrapping Spring Data JPA repositories in DEFAULT mode.
2026-05-06T18:36:12.583+07:00  INFO 16424 --- [SANTIKA] [restartedMain] .s.d.r.c.RepositoryConfigurationDelegate : Finished Spring Data repository scanning in 9 ms. Found 0 JPA repository interfaces.
2026-05-06T18:36:13.084+07:00  INFO 16424 --- [SANTIKA] [restartedMain] o.s.boot.tomcat.TomcatWebServer          : Tomcat initialized with port 9002 (http)
2026-05-06T18:36:13.107+07:00  INFO 16424 --- [SANTIKA] [restartedMain] o.apache.catalina.core.StandardService   : Starting service [Tomcat]
2026-05-06T18:36:13.108+07:00  INFO 16424 --- [SANTIKA] [restartedMain] o.apache.catalina.core.StandardEngine    : Starting Servlet engine: [Apache Tomcat/11.0.21]
2026-05-06T18:36:13.158+07:00  INFO 16424 --- [SANTIKA] [restartedMain] b.w.c.s.WebApplicationContextInitializer : Root WebApplicationContext: initialization completed in 1334 ms
2026-05-06T18:36:13.391+07:00  INFO 16424 --- [SANTIKA] [restartedMain] org.hibernate.orm.jpa                    : HHH008540: Processing PersistenceUnitInfo [name: default]
2026-05-06T18:36:13.434+07:00  INFO 16424 --- [SANTIKA] [restartedMain] org.hibernate.orm.core                   : HHH000001: Hibernate ORM core version 7.2.12.Final
2026-05-06T18:36:13.935+07:00  INFO 16424 --- [SANTIKA] [restartedMain] o.s.o.j.p.SpringPersistenceUnitInfo      : No LoadTimeWeaver setup: ignoring JPA class transformer
2026-05-06T18:36:15.004+07:00  WARN 16424 --- [SANTIKA] [restartedMain] org.hibernate.orm.jdbc.error             : HHH000247: ErrorCode: 0, SQLState: 08001
2026-05-06T18:36:15.004+07:00  WARN 16424 --- [SANTIKA] [restartedMain] org.hibernate.orm.jdbc.error             : Connection to localhost:5432 refused. Check that the hostname and port are correct and that the postmaster is accepting TCP/IP connections.
2026-05-06T18:36:15.005+07:00  WARN 16424 --- [SANTIKA] [restartedMain] org.hibernate.orm.jdbc                   : HHH100046: Could not obtain connection to query JDBC database metadata

org.hibernate.exception.JDBCConnectionException: Unable to obtain isolated JDBC connection [Connection to localhost:5432 refused. Check that the hostname and port are correct and that the postmaster is accepting TCP/IP connections.] [n/a]
	at org.hibernate.exception.internal.SQLStateConversionDelegate.convert(SQLStateConversionDelegate.java:80)
	at org.hibernate.exception.internal.StandardSQLExceptionConverter.convert(StandardSQLExceptionConverter.java:34)
	at org.hibernate.engine.jdbc.spi.SqlExceptionHelper.convert(SqlExceptionHelper.java:115)
	at org.hibernate.engine.jdbc.spi.SqlExceptionHelper.convert(SqlExceptionHelper.java:101)
	at org.hibernate.resource.transaction.backend.jdbc.internal.JdbcIsolationDelegate.delegateWork(JdbcIsolationDelegate.java:51)
	at org.hibernate.engine.jdbc.env.internal.JdbcEnvironmentInitiator.getJdbcEnvironmentUsingJdbcMetadata(JdbcEnvironmentInitiator.java:366)
	at org.hibernate.engine.jdbc.env.internal.JdbcEnvironmentInitiator.getJdbcEnvironment(JdbcEnvironmentInitiator.java:143)
	at org.hibernate.engine.jdbc.env.internal.JdbcEnvironmentInitiator.initiateService(JdbcEnvironmentInitiator.java:120)
	at org.hibernate.engine.jdbc.env.internal.JdbcEnvironmentInitiator.initiateService(JdbcEnvironmentInitiator.java:80)
	at org.hibernate.boot.registry.internal.StandardServiceRegistryImpl.initiateService(StandardServiceRegistryImpl.java:133)
	at org.hibernate.service.internal.AbstractServiceRegistryImpl.createService(AbstractServiceRegistryImpl.java:260)
	at org.hibernate.service.internal.AbstractServiceRegistryImpl.initializeService(AbstractServiceRegistryImpl.java:235)
	at org.hibernate.service.internal.AbstractServiceRegistryImpl.getService(AbstractServiceRegistryImpl.java:212)
	at org.hibernate.boot.model.relational.Database.<init>(Database.java:44)
	at org.hibernate.boot.internal.InFlightMetadataCollectorImpl.getDatabase(InFlightMetadataCollectorImpl.java:251)
	at org.hibernate.boot.internal.InFlightMetadataCollectorImpl.<init>(InFlightMetadataCollectorImpl.java:203)
	at org.hibernate.boot.model.process.spi.MetadataBuildingProcess.complete(MetadataBuildingProcess.java:172)
	at org.hibernate.jpa.boot.internal.EntityManagerFactoryBuilderImpl.metadata(EntityManagerFactoryBuilderImpl.java:1392)
	at org.hibernate.jpa.boot.internal.EntityManagerFactoryBuilderImpl.populateSessionFactoryBuilder(EntityManagerFactoryBuilderImpl.java:1472)
	at org.hibernate.jpa.boot.internal.EntityManagerFactoryBuilderImpl.build(EntityManagerFactoryBuilderImpl.java:1454)
	at org.springframework.orm.jpa.vendor.SpringHibernateJpaPersistenceProvider.createContainerEntityManagerFactory(SpringHibernateJpaPersistenceProvider.java:93)
	at org.springframework.orm.jpa.LocalContainerEntityManagerFactoryBean.createNativeEntityManagerFactory(LocalContainerEntityManagerFactoryBean.java:443)
	at org.springframework.orm.jpa.AbstractEntityManagerFactoryBean.buildNativeEntityManagerFactory(AbstractEntityManagerFactoryBean.java:436)
	at org.springframework.orm.jpa.AbstractEntityManagerFactoryBean.afterPropertiesSet(AbstractEntityManagerFactoryBean.java:411)
	at org.springframework.orm.jpa.LocalContainerEntityManagerFactoryBean.afterPropertiesSet(LocalContainerEntityManagerFactoryBean.java:419)
	at org.springframework.beans.factory.support.AbstractAutowireCapableBeanFactory.invokeInitMethods(AbstractAutowireCapableBeanFactory.java:1864)
	at org.springframework.beans.factory.support.AbstractAutowireCapableBeanFactory.initializeBean(AbstractAutowireCapableBeanFactory.java:1813)
	at org.springframework.beans.factory.support.AbstractAutowireCapableBeanFactory.doCreateBean(AbstractAutowireCapableBeanFactory.java:603)
	at org.springframework.beans.factory.support.AbstractAutowireCapableBeanFactory.createBean(AbstractAutowireCapableBeanFactory.java:525)
	at org.springframework.beans.factory.support.AbstractBeanFactory.lambda$doGetBean$0(AbstractBeanFactory.java:333)
	at org.springframework.beans.factory.support.DefaultSingletonBeanRegistry.getSingleton(DefaultSingletonBeanRegistry.java:371)
	at org.springframework.beans.factory.support.AbstractBeanFactory.doGetBean(AbstractBeanFactory.java:331)
	at org.springframework.beans.factory.support.AbstractBeanFactory.getBean(AbstractBeanFactory.java:201)
	at org.springframework.context.support.AbstractApplicationContext.finishBeanFactoryInitialization(AbstractApplicationContext.java:977)
	at org.springframework.context.support.AbstractApplicationContext.refresh(AbstractApplicationContext.java:621)
	at org.springframework.boot.web.server.servlet.context.ServletWebServerApplicationContext.refresh(ServletWebServerApplicationContext.java:143)
	at org.springframework.boot.SpringApplication.refresh(SpringApplication.java:756)
	at org.springframework.boot.SpringApplication.refreshContext(SpringApplication.java:445)
	at org.springframework.boot.SpringApplication.run(SpringApplication.java:321)
	at org.springframework.boot.SpringApplication.run(SpringApplication.java:1365)
	at org.springframework.boot.SpringApplication.run(SpringApplication.java:1354)
	at com.santika.simrs.SimrsApplicationKt.main(SimrsApplication.kt:13)
	at java.base/jdk.internal.reflect.DirectMethodHandleAccessor.invoke(DirectMethodHandleAccessor.java:104)
	at java.base/java.lang.reflect.Method.invoke(Method.java:565)
	at org.springframework.boot.devtools.restart.RestartLauncher.run(RestartLauncher.java:52)
Caused by: org.postgresql.util.PSQLException: Connection to localhost:5432 refused. Check that the hostname and port are correct and that the postmaster is accepting TCP/IP connections.
	at org.postgresql.core.v3.ConnectionFactoryImpl.openConnectionImpl(ConnectionFactoryImpl.java:373)
	at org.postgresql.core.ConnectionFactory.openConnection(ConnectionFactory.java:57)
	at org.postgresql.jdbc.PgConnection.<init>(PgConnection.java:290)
	at org.postgresql.Driver.makeConnection(Driver.java:448)
	at org.postgresql.Driver.connect(Driver.java:298)
	at com.zaxxer.hikari.util.DriverDataSource.getConnection(DriverDataSource.java:144)
	at com.zaxxer.hikari.pool.PoolBase.newConnection(PoolBase.java:373)
	at com.zaxxer.hikari.pool.PoolBase.newPoolEntry(PoolBase.java:210)
	at com.zaxxer.hikari.pool.HikariPool.createPoolEntry(HikariPool.java:488)
	at com.zaxxer.hikari.pool.HikariPool.checkFailFast(HikariPool.java:576)
	at com.zaxxer.hikari.pool.HikariPool.<init>(HikariPool.java:97)
	at com.zaxxer.hikari.HikariDataSource.getConnection(HikariDataSource.java:111)
	at org.hibernate.engine.jdbc.connections.internal.DataSourceConnectionProvider.getConnection(DataSourceConnectionProvider.java:137)
	at org.hibernate.engine.jdbc.env.internal.JdbcEnvironmentInitiator$ConnectionProviderJdbcConnectionAccess.obtainConnection(JdbcEnvironmentInitiator.java:508)
	at org.hibernate.resource.transaction.backend.jdbc.internal.JdbcIsolationDelegate.delegateWork(JdbcIsolationDelegate.java:48)
	... 40 common frames omitted
Caused by: java.net.ConnectException: Connection refused: getsockopt
	at java.base/sun.nio.ch.Net.pollConnect(Native Method)
	at java.base/sun.nio.ch.Net.pollConnectNow(Net.java:628)
	at java.base/sun.nio.ch.NioSocketImpl.timedFinishConnect(NioSocketImpl.java:533)
	at java.base/sun.nio.ch.NioSocketImpl.connect(NioSocketImpl.java:583)
	at java.base/java.net.SocksSocketImpl.connect(SocksSocketImpl.java:282)
	at java.base/java.net.Socket.connect(Socket.java:665)
	at org.postgresql.core.PGStream.createSocket(PGStream.java:261)
	at org.postgresql.core.PGStream.<init>(PGStream.java:122)
	at org.postgresql.core.v3.ConnectionFactoryImpl.tryConnect(ConnectionFactoryImpl.java:146)
	at org.postgresql.core.v3.ConnectionFactoryImpl.openConnectionImpl(ConnectionFactoryImpl.java:289)
	... 54 common frames omitted

2026-05-06T18:36:15.020+07:00  WARN 16424 --- [SANTIKA] [restartedMain] org.hibernate.orm.deprecation            : HHH90000025: PostgreSQLDialect does not need to be specified explicitly using 'hibernate.dialect' (remove the property setting and it will be selected by default)
2026-05-06T18:36:15.030+07:00  INFO 16424 --- [SANTIKA] [restartedMain] org.hibernate.orm.connections.pooling    : HHH10001005: Database info:
	Database JDBC URL [undefined/unknown]
	Database driver: undefined/unknown
	Database dialect: PostgreSQLDialect
	Database version: 13.0
	Default catalog/schema: unknown/unknown
	Autocommit mode: undefined/unknown
	Isolation level: NONE [default NONE]
	JDBC fetch size: undefined/unknown
	Pool: DataSourceConnectionProvider
	Minimum pool size: undefined/unknown
	Maximum pool size: undefined/unknown
2026-05-06T18:36:15.366+07:00  INFO 16424 --- [SANTIKA] [restartedMain] org.hibernate.orm.core                   : HHH000489: No JTA platform available (set 'hibernate.transaction.jta.platform' to enable JTA platform integration)
2026-05-06T18:36:15.373+07:00  INFO 16424 --- [SANTIKA] [restartedMain] j.LocalContainerEntityManagerFactoryBean : Initialized JPA EntityManagerFactory for persistence unit 'default'
2026-05-06T18:36:15.638+07:00  WARN 16424 --- [SANTIKA] [restartedMain] JpaBaseConfiguration$JpaWebConfiguration : spring.jpa.open-in-view is enabled by default. Therefore, database queries may be performed during view rendering. Explicitly configure spring.jpa.open-in-view to disable this warning
2026-05-06T18:36:16.379+07:00  INFO 16424 --- [SANTIKA] [restartedMain] o.s.b.a.e.web.EndpointLinksResolver      : Exposing 2 endpoints beneath base path '/actuator'
2026-05-06T18:36:16.476+07:00  INFO 16424 --- [SANTIKA] [restartedMain] o.s.boot.tomcat.TomcatWebServer          : Tomcat started on port 9002 (http) with context path '/'
2026-05-06T18:36:16.483+07:00  INFO 16424 --- [SANTIKA] [restartedMain] com.santika.simrs.SimrsApplicationKt     : Started SimrsApplicationKt in 5.556 seconds (process running for 6.358)
2026-05-06T18:36:21.691+07:00  INFO 16424 --- [SANTIKA] [RMI TCP Connection(3)-192.168.1.20] o.a.c.c.C.[Tomcat].[localhost].[/]       : Initializing Spring DispatcherServlet 'dispatcherServlet'
2026-05-06T18:36:21.691+07:00  INFO 16424 --- [SANTIKA] [RMI TCP Connection(3)-192.168.1.20] o.s.web.servlet.DispatcherServlet        : Initializing Servlet 'dispatcherServlet'
2026-05-06T18:36:21.692+07:00  INFO 16424 --- [SANTIKA] [RMI TCP Connection(3)-192.168.1.20] o.s.web.servlet.DispatcherServlet        : Completed initialization in 1 ms
2026-05-06T18:36:22.700+07:00  WARN 16424 --- [SANTIKA] [RMI TCP Connection(4)-192.168.1.20] o.s.b.j.h.DataSourceHealthIndicator      : DataSource health check failed

org.springframework.jdbc.CannotGetJdbcConnectionException: Failed to obtain JDBC Connection
	at org.springframework.jdbc.datasource.DataSourceUtils.getConnection(DataSourceUtils.java:84)
	at org.springframework.jdbc.core.JdbcTemplate.execute(JdbcTemplate.java:362)
	at org.springframework.boot.jdbc.health.DataSourceHealthIndicator.getProduct(DataSourceHealthIndicator.java:125)
	at org.springframework.boot.jdbc.health.DataSourceHealthIndicator.doDataSourceHealthCheck(DataSourceHealthIndicator.java:108)
	at org.springframework.boot.jdbc.health.DataSourceHealthIndicator.doHealthCheck(DataSourceHealthIndicator.java:102)
	at org.springframework.boot.health.contributor.AbstractHealthIndicator.health(AbstractHealthIndicator.java:80)
	at org.springframework.boot.health.contributor.HealthIndicator.health(HealthIndicator.java:37)
	at org.springframework.boot.health.actuate.endpoint.Contributor$Blocking.getDescriptor(Contributor.java:148)
	at org.springframework.boot.health.actuate.endpoint.Contributor$Blocking.getDescriptor(Contributor.java:126)
	at org.springframework.boot.health.actuate.endpoint.HealthEndpointSupport.getDescriptorAndLogIfSlow(HealthEndpointSupport.java:172)
	at org.springframework.boot.health.actuate.endpoint.HealthEndpointSupport.getDescriptor(HealthEndpointSupport.java:145)
	at org.springframework.boot.health.actuate.endpoint.HealthEndpointSupport.getAggregateDescriptor(HealthEndpointSupport.java:157)
	at org.springframework.boot.health.actuate.endpoint.HealthEndpointSupport.getDescriptor(HealthEndpointSupport.java:141)
	at org.springframework.boot.health.actuate.endpoint.HealthEndpointSupport.getResult(HealthEndpointSupport.java:110)
	at org.springframework.boot.health.actuate.endpoint.HealthEndpointSupport.getResult(HealthEndpointSupport.java:82)
	at org.springframework.boot.health.actuate.endpoint.HealthEndpoint.health(HealthEndpoint.java:80)
	at org.springframework.boot.health.actuate.endpoint.HealthEndpoint.health(HealthEndpoint.java:70)
	at java.base/jdk.internal.reflect.DirectMethodHandleAccessor.invoke(DirectMethodHandleAccessor.java:104)
	at java.base/java.lang.reflect.Method.invoke(Method.java:565)
	at org.springframework.util.ReflectionUtils.invokeMethod(ReflectionUtils.java:281)
	at org.springframework.boot.actuate.endpoint.invoke.reflect.ReflectiveOperationInvoker.invoke(ReflectiveOperationInvoker.java:76)
	at org.springframework.boot.actuate.endpoint.annotation.AbstractDiscoveredOperation.invoke(AbstractDiscoveredOperation.java:62)
	at org.springframework.boot.actuate.endpoint.jmx.EndpointMBean.invoke(EndpointMBean.java:127)
	at org.springframework.boot.actuate.endpoint.jmx.EndpointMBean.invoke(EndpointMBean.java:99)
	at java.management/com.sun.jmx.interceptor.DefaultMBeanServerInterceptor.invoke(DefaultMBeanServerInterceptor.java:627)
	at java.management/com.sun.jmx.mbeanserver.JmxMBeanServer.invoke(JmxMBeanServer.java:790)
	at java.management.rmi/javax.management.remote.rmi.RMIConnectionImpl.doOperation(RMIConnectionImpl.java:1392)
	at java.management.rmi/javax.management.remote.rmi.RMIConnectionImpl.doPrivilegedOperation(RMIConnectionImpl.java:1310)
	at java.management.rmi/javax.management.remote.rmi.RMIConnectionImpl.invoke(RMIConnectionImpl.java:777)
	at java.base/jdk.internal.reflect.DirectMethodHandleAccessor.invoke(DirectMethodHandleAccessor.java:104)
	at java.base/java.lang.reflect.Method.invoke(Method.java:565)
	at java.rmi/sun.rmi.server.UnicastServerRef.dispatch(UnicastServerRef.java:351)
	at java.rmi/sun.rmi.transport.Transport.serviceCall(Transport.java:166)
	at java.rmi/sun.rmi.transport.tcp.TCPTransport.handleMessages(TCPTransport.java:543)
	at java.rmi/sun.rmi.transport.tcp.TCPTransport$ConnectionHandler.run0(TCPTransport.java:744)
	at java.rmi/sun.rmi.transport.tcp.TCPTransport$ConnectionHandler.run(TCPTransport.java:623)
	at java.base/java.util.concurrent.ThreadPoolExecutor.runWorker(ThreadPoolExecutor.java:1095)
	at java.base/java.util.concurrent.ThreadPoolExecutor$Worker.run(ThreadPoolExecutor.java:619)
	at java.base/java.lang.Thread.run(Thread.java:1447)
Caused by: org.postgresql.util.PSQLException: Connection to localhost:5432 refused. Check that the hostname and port are correct and that the postmaster is accepting TCP/IP connections.
	at org.postgresql.core.v3.ConnectionFactoryImpl.openConnectionImpl(ConnectionFactoryImpl.java:373)
	at org.postgresql.core.ConnectionFactory.openConnection(ConnectionFactory.java:57)
	at org.postgresql.jdbc.PgConnection.<init>(PgConnection.java:290)
	at org.postgresql.Driver.makeConnection(Driver.java:448)
	at org.postgresql.Driver.connect(Driver.java:298)
	at com.zaxxer.hikari.util.DriverDataSource.getConnection(DriverDataSource.java:144)
	at com.zaxxer.hikari.pool.PoolBase.newConnection(PoolBase.java:373)
	at com.zaxxer.hikari.pool.PoolBase.newPoolEntry(PoolBase.java:210)
	at com.zaxxer.hikari.pool.HikariPool.createPoolEntry(HikariPool.java:488)
	at com.zaxxer.hikari.pool.HikariPool.checkFailFast(HikariPool.java:576)
	at com.zaxxer.hikari.pool.HikariPool.<init>(HikariPool.java:97)
	at com.zaxxer.hikari.HikariDataSource.getConnection(HikariDataSource.java:111)
	at org.springframework.jdbc.datasource.DataSourceUtils.fetchConnection(DataSourceUtils.java:160)
	at org.springframework.jdbc.datasource.DataSourceUtils.doGetConnection(DataSourceUtils.java:118)
	at org.springframework.jdbc.datasource.DataSourceUtils.getConnection(DataSourceUtils.java:81)
	... 38 common frames omitted
Caused by: java.net.ConnectException: Connection refused: getsockopt
	at java.base/sun.nio.ch.Net.pollConnect(Native Method)
	at java.base/sun.nio.ch.Net.pollConnectNow(Net.java:628)
	at java.base/sun.nio.ch.NioSocketImpl.timedFinishConnect(NioSocketImpl.java:533)
	at java.base/sun.nio.ch.NioSocketImpl.connect(NioSocketImpl.java:583)
	at java.base/java.net.SocksSocketImpl.connect(SocksSocketImpl.java:282)
	at java.base/java.net.Socket.connect(Socket.java:665)
	at org.postgresql.core.PGStream.createSocket(PGStream.java:261)
	at org.postgresql.core.PGStream.<init>(PGStream.java:122)
	at org.postgresql.core.v3.ConnectionFactoryImpl.tryConnect(ConnectionFactoryImpl.java:146)
	at org.postgresql.core.v3.ConnectionFactoryImpl.openConnectionImpl(ConnectionFactoryImpl.java:289)
	... 52 common frames omitted

2026-05-06T18:38:05.968+07:00  INFO 16424 --- [SANTIKA] [SpringApplicationShutdownHook] o.s.boot.tomcat.GracefulShutdown         : Commencing graceful shutdown. Waiting for active requests to complete
2026-05-06T18:38:05.973+07:00  INFO 16424 --- [SANTIKA] [tomcat-shutdown] o.s.boot.tomcat.GracefulShutdown         : Graceful shutdown complete
2026-05-06T18:38:05.977+07:00  INFO 16424 --- [SANTIKA] [SpringApplicationShutdownHook] j.LocalContainerEntityManagerFactoryBean : Closing JPA EntityManagerFactory for persistence unit 'default'
2026-05-06T18:41:05.189+07:00  INFO 4556 --- [SANTIKA] [restartedMain] com.santika.simrs.SimrsApplicationKt     : Starting SimrsApplicationKt using Java 24.0.2 with PID 4556 (F:\DevFIle\SANTIKA\simrs\build\classes\kotlin\main started by RACING in F:\DevFIle\SANTIKA\simrs)
2026-05-06T18:41:05.192+07:00  INFO 4556 --- [SANTIKA] [restartedMain] com.santika.simrs.SimrsApplicationKt     : The following 1 profile is active: "dev"
2026-05-06T18:41:05.236+07:00  INFO 4556 --- [SANTIKA] [restartedMain] .e.DevToolsPropertyDefaultsPostProcessor : Devtools property defaults active! Set 'spring.devtools.add-properties' to 'false' to disable
2026-05-06T18:41:05.237+07:00  INFO 4556 --- [SANTIKA] [restartedMain] .e.DevToolsPropertyDefaultsPostProcessor : For additional web related logging consider setting the 'logging.level.web' property to 'DEBUG'
2026-05-06T18:41:05.785+07:00  INFO 4556 --- [SANTIKA] [restartedMain] .s.d.r.c.RepositoryConfigurationDelegate : Bootstrapping Spring Data JPA repositories in DEFAULT mode.
2026-05-06T18:41:05.801+07:00  INFO 4556 --- [SANTIKA] [restartedMain] .s.d.r.c.RepositoryConfigurationDelegate : Finished Spring Data repository scanning in 8 ms. Found 0 JPA repository interfaces.
2026-05-06T18:41:06.206+07:00  INFO 4556 --- [SANTIKA] [restartedMain] o.s.boot.tomcat.TomcatWebServer          : Tomcat initialized with port 9002 (http)
2026-05-06T18:41:06.217+07:00  INFO 4556 --- [SANTIKA] [restartedMain] o.apache.catalina.core.StandardService   : Starting service [Tomcat]
2026-05-06T18:41:06.217+07:00  INFO 4556 --- [SANTIKA] [restartedMain] o.apache.catalina.core.StandardEngine    : Starting Servlet engine: [Apache Tomcat/11.0.21]
2026-05-06T18:41:06.256+07:00  INFO 4556 --- [SANTIKA] [restartedMain] b.w.c.s.WebApplicationContextInitializer : Root WebApplicationContext: initialization completed in 1019 ms
2026-05-06T18:41:06.452+07:00  INFO 4556 --- [SANTIKA] [restartedMain] org.hibernate.orm.jpa                    : HHH008540: Processing PersistenceUnitInfo [name: default]
2026-05-06T18:41:06.493+07:00  INFO 4556 --- [SANTIKA] [restartedMain] org.hibernate.orm.core                   : HHH000001: Hibernate ORM core version 7.2.12.Final
2026-05-06T18:41:06.854+07:00  INFO 4556 --- [SANTIKA] [restartedMain] o.s.o.j.p.SpringPersistenceUnitInfo      : No LoadTimeWeaver setup: ignoring JPA class transformer
2026-05-06T18:41:08.126+07:00  WARN 4556 --- [SANTIKA] [restartedMain] org.hibernate.orm.deprecation            : HHH90000025: PostgreSQLDialect does not need to be specified explicitly using 'hibernate.dialect' (remove the property setting and it will be selected by default)
2026-05-06T18:41:08.211+07:00  INFO 4556 --- [SANTIKA] [restartedMain] org.hibernate.orm.connections.pooling    : HHH10001005: Database info:
	Database JDBC URL [jdbc:postgresql://localhost:5432/santika]
	Database driver: PostgreSQL JDBC Driver
	Database dialect: PostgreSQLDialect
	Database version: 18.0
	Default catalog/schema: santika/public
	Autocommit mode: undefined/unknown
	Isolation level: READ_COMMITTED [default READ_COMMITTED]
	JDBC fetch size: none
	Pool: DataSourceConnectionProvider
	Minimum pool size: undefined/unknown
	Maximum pool size: undefined/unknown
2026-05-06T18:41:08.501+07:00  INFO 4556 --- [SANTIKA] [restartedMain] org.hibernate.orm.core                   : HHH000489: No JTA platform available (set 'hibernate.transaction.jta.platform' to enable JTA platform integration)
2026-05-06T18:41:08.508+07:00  INFO 4556 --- [SANTIKA] [restartedMain] j.LocalContainerEntityManagerFactoryBean : Initialized JPA EntityManagerFactory for persistence unit 'default'
2026-05-06T18:41:08.775+07:00  WARN 4556 --- [SANTIKA] [restartedMain] JpaBaseConfiguration$JpaWebConfiguration : spring.jpa.open-in-view is enabled by default. Therefore, database queries may be performed during view rendering. Explicitly configure spring.jpa.open-in-view to disable this warning
2026-05-06T18:41:09.487+07:00  INFO 4556 --- [SANTIKA] [restartedMain] o.s.b.a.e.web.EndpointLinksResolver      : Exposing 2 endpoints beneath base path '/actuator'
2026-05-06T18:41:09.588+07:00  INFO 4556 --- [SANTIKA] [restartedMain] o.s.boot.tomcat.TomcatWebServer          : Tomcat started on port 9002 (http) with context path '/'
2026-05-06T18:41:09.595+07:00  INFO 4556 --- [SANTIKA] [restartedMain] com.santika.simrs.SimrsApplicationKt     : Started SimrsApplicationKt in 4.897 seconds (process running for 5.328)
2026-05-06T18:49:15.420+07:00  INFO 14012 --- [SANTIKA] [restartedMain] com.santika.simrs.SimrsApplicationKt     : Starting SimrsApplicationKt using Java 25.0.3 with PID 14012 (F:\DevFIle\SANTIKA\simrs\build\classes\kotlin\main started by RACING in F:\DevFIle\SANTIKA\simrs)
2026-05-06T18:49:15.422+07:00  INFO 14012 --- [SANTIKA] [restartedMain] com.santika.simrs.SimrsApplicationKt     : The following 1 profile is active: "dev"
2026-05-06T18:49:15.489+07:00  INFO 14012 --- [SANTIKA] [restartedMain] .e.DevToolsPropertyDefaultsPostProcessor : Devtools property defaults active! Set 'spring.devtools.add-properties' to 'false' to disable
2026-05-06T18:49:15.490+07:00  INFO 14012 --- [SANTIKA] [restartedMain] .e.DevToolsPropertyDefaultsPostProcessor : For additional web related logging consider setting the 'logging.level.web' property to 'DEBUG'
2026-05-06T18:49:16.951+07:00  INFO 14012 --- [SANTIKA] [restartedMain] .s.d.r.c.RepositoryConfigurationDelegate : Bootstrapping Spring Data JPA repositories in DEFAULT mode.
2026-05-06T18:49:17.154+07:00  INFO 14012 --- [SANTIKA] [restartedMain] .s.d.r.c.RepositoryConfigurationDelegate : Finished Spring Data repository scanning in 194 ms. Found 0 JPA repository interfaces.
2026-05-06T18:49:17.628+07:00  INFO 14012 --- [SANTIKA] [restartedMain] o.s.boot.tomcat.TomcatWebServer          : Tomcat initialized with port 9002 (http)
2026-05-06T18:49:17.649+07:00  INFO 14012 --- [SANTIKA] [restartedMain] o.apache.catalina.core.StandardService   : Starting service [Tomcat]
2026-05-06T18:49:17.649+07:00  INFO 14012 --- [SANTIKA] [restartedMain] o.apache.catalina.core.StandardEngine    : Starting Servlet engine: [Apache Tomcat/11.0.21]
2026-05-06T18:49:17.697+07:00  INFO 14012 --- [SANTIKA] [restartedMain] b.w.c.s.WebApplicationContextInitializer : Root WebApplicationContext: initialization completed in 2206 ms
2026-05-06T18:49:17.972+07:00  INFO 14012 --- [SANTIKA] [restartedMain] org.hibernate.orm.jpa                    : HHH008540: Processing PersistenceUnitInfo [name: default]
2026-05-06T18:49:18.021+07:00  INFO 14012 --- [SANTIKA] [restartedMain] org.hibernate.orm.core                   : HHH000001: Hibernate ORM core version 7.2.12.Final
2026-05-06T18:49:18.487+07:00  INFO 14012 --- [SANTIKA] [restartedMain] o.s.o.j.p.SpringPersistenceUnitInfo      : No LoadTimeWeaver setup: ignoring JPA class transformer
2026-05-06T18:49:18.700+07:00  WARN 14012 --- [SANTIKA] [restartedMain] org.hibernate.orm.deprecation            : HHH90000025: PostgreSQLDialect does not need to be specified explicitly using 'hibernate.dialect' (remove the property setting and it will be selected by default)
2026-05-06T18:49:18.721+07:00  INFO 14012 --- [SANTIKA] [restartedMain] org.hibernate.orm.connections.pooling    : HHH10001005: Database info:
	Database JDBC URL [jdbc:postgresql://localhost:5432/santika]
	Database driver: PostgreSQL JDBC Driver
	Database dialect: PostgreSQLDialect
	Database version: 18.0
	Default catalog/schema: santika/public
	Autocommit mode: undefined/unknown
	Isolation level: READ_COMMITTED [default READ_COMMITTED]
	JDBC fetch size: none
	Pool: DataSourceConnectionProvider
	Minimum pool size: undefined/unknown
	Maximum pool size: undefined/unknown
2026-05-06T18:49:19.117+07:00  INFO 14012 --- [SANTIKA] [restartedMain] org.hibernate.orm.core                   : HHH000489: No JTA platform available (set 'hibernate.transaction.jta.platform' to enable JTA platform integration)
2026-05-06T18:49:19.127+07:00  INFO 14012 --- [SANTIKA] [restartedMain] j.LocalContainerEntityManagerFactoryBean : Initialized JPA EntityManagerFactory for persistence unit 'default'
2026-05-06T18:49:19.459+07:00  WARN 14012 --- [SANTIKA] [restartedMain] JpaBaseConfiguration$JpaWebConfiguration : spring.jpa.open-in-view is enabled by default. Therefore, database queries may be performed during view rendering. Explicitly configure spring.jpa.open-in-view to disable this warning
2026-05-06T18:49:20.710+07:00  INFO 14012 --- [SANTIKA] [restartedMain] o.s.b.a.e.web.EndpointLinksResolver      : Exposing 2 endpoints beneath base path '/actuator'
2026-05-06T18:49:20.801+07:00  INFO 14012 --- [SANTIKA] [restartedMain] o.s.boot.tomcat.TomcatWebServer          : Tomcat started on port 9002 (http) with context path '/'
2026-05-06T18:49:20.809+07:00  INFO 14012 --- [SANTIKA] [restartedMain] com.santika.simrs.SimrsApplicationKt     : Started SimrsApplicationKt in 6.388 seconds (process running for 7.117)
2026-05-06T18:49:26.731+07:00  INFO 14012 --- [SANTIKA] [RMI TCP Connection(2)-192.168.1.20] o.a.c.c.C.[Tomcat].[localhost].[/]       : Initializing Spring DispatcherServlet 'dispatcherServlet'
2026-05-06T18:49:26.731+07:00  INFO 14012 --- [SANTIKA] [RMI TCP Connection(2)-192.168.1.20] o.s.web.servlet.DispatcherServlet        : Initializing Servlet 'dispatcherServlet'
2026-05-06T18:49:26.732+07:00  INFO 14012 --- [SANTIKA] [RMI TCP Connection(2)-192.168.1.20] o.s.web.servlet.DispatcherServlet        : Completed initialization in 1 ms
2026-05-06T18:50:47.138+07:00  INFO 14012 --- [SANTIKA] [SpringApplicationShutdownHook] o.s.boot.tomcat.GracefulShutdown         : Commencing graceful shutdown. Waiting for active requests to complete
2026-05-06T18:50:47.144+07:00  INFO 14012 --- [SANTIKA] [tomcat-shutdown] o.s.boot.tomcat.GracefulShutdown         : Graceful shutdown complete
2026-05-06T18:50:47.149+07:00  INFO 14012 --- [SANTIKA] [SpringApplicationShutdownHook] j.LocalContainerEntityManagerFactoryBean : Closing JPA EntityManagerFactory for persistence unit 'default'
2026-05-06T18:50:49.828+07:00  INFO 14932 --- [SANTIKA] [restartedMain] com.santika.simrs.SimrsApplicationKt     : Starting SimrsApplicationKt using Java 25.0.3 with PID 14932 (F:\DevFIle\SANTIKA\simrs\build\classes\kotlin\main started by RACING in F:\DevFIle\SANTIKA\simrs)
2026-05-06T18:50:49.831+07:00  INFO 14932 --- [SANTIKA] [restartedMain] com.santika.simrs.SimrsApplicationKt     : The following 1 profile is active: "dev"
2026-05-06T18:50:49.898+07:00  INFO 14932 --- [SANTIKA] [restartedMain] .e.DevToolsPropertyDefaultsPostProcessor : Devtools property defaults active! Set 'spring.devtools.add-properties' to 'false' to disable
2026-05-06T18:50:49.899+07:00  INFO 14932 --- [SANTIKA] [restartedMain] .e.DevToolsPropertyDefaultsPostProcessor : For additional web related logging consider setting the 'logging.level.web' property to 'DEBUG'
2026-05-06T18:50:51.235+07:00  INFO 14932 --- [SANTIKA] [restartedMain] .s.d.r.c.RepositoryConfigurationDelegate : Bootstrapping Spring Data JPA repositories in DEFAULT mode.
2026-05-06T18:50:51.417+07:00  INFO 14932 --- [SANTIKA] [restartedMain] .s.d.r.c.RepositoryConfigurationDelegate : Finished Spring Data repository scanning in 174 ms. Found 0 JPA repository interfaces.
2026-05-06T18:50:51.828+07:00  INFO 14932 --- [SANTIKA] [restartedMain] o.s.boot.tomcat.TomcatWebServer          : Tomcat initialized with port 9002 (http)
2026-05-06T18:50:51.848+07:00  INFO 14932 --- [SANTIKA] [restartedMain] o.apache.catalina.core.StandardService   : Starting service [Tomcat]
2026-05-06T18:50:51.848+07:00  INFO 14932 --- [SANTIKA] [restartedMain] o.apache.catalina.core.StandardEngine    : Starting Servlet engine: [Apache Tomcat/11.0.21]
2026-05-06T18:50:51.892+07:00  INFO 14932 --- [SANTIKA] [restartedMain] b.w.c.s.WebApplicationContextInitializer : Root WebApplicationContext: initialization completed in 1993 ms
2026-05-06T18:50:52.111+07:00  INFO 14932 --- [SANTIKA] [restartedMain] org.hibernate.orm.jpa                    : HHH008540: Processing PersistenceUnitInfo [name: default]
2026-05-06T18:50:52.154+07:00  INFO 14932 --- [SANTIKA] [restartedMain] org.hibernate.orm.core                   : HHH000001: Hibernate ORM core version 7.2.12.Final
2026-05-06T18:50:52.511+07:00  INFO 14932 --- [SANTIKA] [restartedMain] o.s.o.j.p.SpringPersistenceUnitInfo      : No LoadTimeWeaver setup: ignoring JPA class transformer
2026-05-06T18:50:52.659+07:00  WARN 14932 --- [SANTIKA] [restartedMain] org.hibernate.orm.deprecation            : HHH90000025: PostgreSQLDialect does not need to be specified explicitly using 'hibernate.dialect' (remove the property setting and it will be selected by default)
2026-05-06T18:50:52.675+07:00  INFO 14932 --- [SANTIKA] [restartedMain] org.hibernate.orm.connections.pooling    : HHH10001005: Database info:
	Database JDBC URL [jdbc:postgresql://localhost:5432/santika]
	Database driver: PostgreSQL JDBC Driver
	Database dialect: PostgreSQLDialect
	Database version: 18.0
	Default catalog/schema: santika/public
	Autocommit mode: undefined/unknown
	Isolation level: READ_COMMITTED [default READ_COMMITTED]
	JDBC fetch size: none
	Pool: DataSourceConnectionProvider
	Minimum pool size: undefined/unknown
	Maximum pool size: undefined/unknown
2026-05-06T18:50:52.982+07:00  INFO 14932 --- [SANTIKA] [restartedMain] org.hibernate.orm.core                   : HHH000489: No JTA platform available (set 'hibernate.transaction.jta.platform' to enable JTA platform integration)
2026-05-06T18:50:52.988+07:00  INFO 14932 --- [SANTIKA] [restartedMain] j.LocalContainerEntityManagerFactoryBean : Initialized JPA EntityManagerFactory for persistence unit 'default'
2026-05-06T18:50:53.241+07:00  WARN 14932 --- [SANTIKA] [restartedMain] JpaBaseConfiguration$JpaWebConfiguration : spring.jpa.open-in-view is enabled by default. Therefore, database queries may be performed during view rendering. Explicitly configure spring.jpa.open-in-view to disable this warning
2026-05-06T18:50:54.077+07:00  INFO 14932 --- [SANTIKA] [restartedMain] o.s.b.a.e.web.EndpointLinksResolver      : Exposing 2 endpoints beneath base path '/actuator'
2026-05-06T18:50:54.161+07:00  INFO 14932 --- [SANTIKA] [restartedMain] o.s.boot.tomcat.TomcatWebServer          : Tomcat started on port 9002 (http) with context path '/'
2026-05-06T18:50:54.167+07:00  INFO 14932 --- [SANTIKA] [restartedMain] com.santika.simrs.SimrsApplicationKt     : Started SimrsApplicationKt in 5.021 seconds (process running for 5.731)
2026-05-06T18:50:54.834+07:00  INFO 14932 --- [SANTIKA] [RMI TCP Connection(1)-192.168.1.20] o.a.c.c.C.[Tomcat].[localhost].[/]       : Initializing Spring DispatcherServlet 'dispatcherServlet'
2026-05-06T18:50:54.834+07:00  INFO 14932 --- [SANTIKA] [RMI TCP Connection(1)-192.168.1.20] o.s.web.servlet.DispatcherServlet        : Initializing Servlet 'dispatcherServlet'
2026-05-06T18:50:54.836+07:00  INFO 14932 --- [SANTIKA] [RMI TCP Connection(1)-192.168.1.20] o.s.web.servlet.DispatcherServlet        : Completed initialization in 2 ms
2026-05-06T21:14:45.233+07:00  INFO 14932 --- [SANTIKA] [SpringApplicationShutdownHook] o.s.boot.tomcat.GracefulShutdown         : Commencing graceful shutdown. Waiting for active requests to complete
2026-05-06T21:14:45.271+07:00  INFO 14932 --- [SANTIKA] [tomcat-shutdown] o.s.boot.tomcat.GracefulShutdown         : Graceful shutdown complete
2026-05-06T21:14:45.312+07:00  INFO 14932 --- [SANTIKA] [SpringApplicationShutdownHook] j.LocalContainerEntityManagerFactoryBean : Closing JPA EntityManagerFactory for persistence unit 'default'
